<?xml version="1.0" encoding="UTF-8"?>
<!-- Generated by org.testng.reporters.JUnitReportReporter -->
<testsuite skipped="0" hostname="M5-D-7659NK2" name="com.RM.Main_Scripts.XnarfMainPage_Main" tests="4" failures="0" timestamp="25 Jun 2018 10:33:22 GMT" time="58.202" errors="0">
  <testcase name="Menu_Navigation" time="19.959" classname="com.RM.Main_Scripts.XnarfMainPage_Main"/>
  <testcase name="Xnarf_Task" time="6.255" classname="com.RM.Main_Scripts.XnarfMainPage_Main"/>
  <testcase name="Xnarf_Task" time="29.924" classname="com.RM.Main_Scripts.XnarfMainPage_Main"/>
  <testcase name="tear" time="2.064" classname="com.RM.Main_Scripts.XnarfMainPage_Main"/>
</testsuite> <!-- com.RM.Main_Scripts.XnarfMainPage_Main -->
