<?xml version="1.0" encoding="UTF-8"?>
<!-- Generated by org.testng.reporters.JUnitReportReporter -->
<testsuite skipped="0" hostname="M5-D-7659NK2" name="com.RM.Main_Scripts.Project_Project_POC_Main" tests="4" failures="0" timestamp="11 Jul 2018 06:05:20 GMT" time="86.783" errors="0">
  <testcase name="Menu_Navigation" time="13.525" classname="com.RM.Main_Scripts.Project_Project_POC_Main"/>
  <testcase name="Project_POC_type" time="34.364" classname="com.RM.Main_Scripts.Project_Project_POC_Main"/>
  <testcase name="Project_POC_type" time="37.698" classname="com.RM.Main_Scripts.Project_Project_POC_Main"/>
  <testcase name="tear" time="1.196" classname="com.RM.Main_Scripts.Project_Project_POC_Main"/>
</testsuite> <!-- com.RM.Main_Scripts.Project_Project_POC_Main -->
