<?xml version="1.0" encoding="UTF-8"?>
<!-- Generated by org.testng.reporters.JUnitReportReporter -->
<testsuite skipped="0" hostname="M5-D-7659NK2" name="com.RM.Main_Scripts.Skill_Competency_Main" tests="7" failures="0" timestamp="20 Jun 2018 11:00:45 GMT" time="83.823" errors="0">
  <testcase name="Menu_Navigation" time="22.248" classname="com.RM.Main_Scripts.Skill_Competency_Main"/>
  <testcase name="Skill_Competency" time="10.195" classname="com.RM.Main_Scripts.Skill_Competency_Main"/>
  <testcase name="Skill_Competency" time="20.817" classname="com.RM.Main_Scripts.Skill_Competency_Main"/>
  <testcase name="Skill_Competency" time="0.001" classname="com.RM.Main_Scripts.Skill_Competency_Main"/>
  <testcase name="Skill_Competency" time="20.379" classname="com.RM.Main_Scripts.Skill_Competency_Main"/>
  <testcase name="Skill_Competency" time="10.182" classname="com.RM.Main_Scripts.Skill_Competency_Main"/>
  <testcase name="tear" time="0.001" classname="com.RM.Main_Scripts.Skill_Competency_Main"/>
</testsuite> <!-- com.RM.Main_Scripts.Skill_Competency_Main -->
