<?xml version="1.0" encoding="UTF-8"?>
<!-- Generated by org.testng.reporters.JUnitReportReporter -->
<testsuite skipped="0" hostname="M5-D-7659NK2" name="com.RM.Main_Scripts.Time_Card_Main" tests="10" failures="0" timestamp="20 Jun 2018 11:00:45 GMT" time="116.283" errors="0">
  <testcase name="Menu_Navigation" time="23.673" classname="com.RM.Main_Scripts.Time_Card_Main"/>
  <testcase name="Time_Card" time="10.321" classname="com.RM.Main_Scripts.Time_Card_Main"/>
  <testcase name="Time_Card" time="0.000" classname="com.RM.Main_Scripts.Time_Card_Main"/>
  <testcase name="Time_Card" time="10.196" classname="com.RM.Main_Scripts.Time_Card_Main"/>
  <testcase name="Time_Card" time="10.232" classname="com.RM.Main_Scripts.Time_Card_Main"/>
  <testcase name="Time_Card" time="10.371" classname="com.RM.Main_Scripts.Time_Card_Main"/>
  <testcase name="Time_Card" time="10.495" classname="com.RM.Main_Scripts.Time_Card_Main"/>
  <testcase name="Time_Card" time="20.502" classname="com.RM.Main_Scripts.Time_Card_Main"/>
  <testcase name="Time_Card" time="20.492" classname="com.RM.Main_Scripts.Time_Card_Main"/>
  <testcase name="tear" time="0.001" classname="com.RM.Main_Scripts.Time_Card_Main"/>
</testsuite> <!-- com.RM.Main_Scripts.Time_Card_Main -->
