<?xml version="1.0" encoding="UTF-8"?>
<!-- Generated by org.testng.reporters.JUnitReportReporter -->
<testsuite skipped="0" hostname="M5-D-7659NK2" name="com.RM.Main_Scripts.XNARF_TR_Main" tests="4" failures="0" timestamp="20 Jun 2018 11:00:45 GMT" time="37.478" errors="0">
  <testcase name="Go_to_Menu" time="4.626" classname="com.RM.Main_Scripts.XNARF_TR_Main"/>
  <testcase name="XNARF_Task_WF" time="26.585" classname="com.RM.Main_Scripts.XNARF_TR_Main"/>
  <testcase name="XNARF_Task_WF" time="6.266" classname="com.RM.Main_Scripts.XNARF_TR_Main"/>
  <testcase name="tear" time="0.001" classname="com.RM.Main_Scripts.XNARF_TR_Main"/>
</testsuite> <!-- com.RM.Main_Scripts.XNARF_TR_Main -->
