<?xml version="1.0" encoding="UTF-8"?>
<!-- Generated by org.testng.reporters.JUnitReportReporter -->
<testsuite skipped="0" hostname="M5-D-7659NK2" name="com.RM.Main_Scripts.Employee_Information_Main" tests="9" failures="0" timestamp="20 Jun 2018 11:00:45 GMT" time="46.255" errors="0">
  <testcase name="Go_to_Menu" time="20.164" classname="com.RM.Main_Scripts.Employee_Information_Main"/>
  <testcase name="Employee_Information_Entry" time="0.002" classname="com.RM.Main_Scripts.Employee_Information_Main"/>
  <testcase name="Employee_Information_Entry" time="0.001" classname="com.RM.Main_Scripts.Employee_Information_Main"/>
  <testcase name="Employee_Information_Entry" time="0.002" classname="com.RM.Main_Scripts.Employee_Information_Main"/>
  <testcase name="Employee_Information_Entry" time="10.442" classname="com.RM.Main_Scripts.Employee_Information_Main"/>
  <testcase name="Employee_Information_Entry" time="0.002" classname="com.RM.Main_Scripts.Employee_Information_Main"/>
  <testcase name="Employee_Information_Entry" time="5.217" classname="com.RM.Main_Scripts.Employee_Information_Main"/>
  <testcase name="Employee_Information_Entry" time="10.424" classname="com.RM.Main_Scripts.Employee_Information_Main"/>
  <testcase name="tear" time="0.001" classname="com.RM.Main_Scripts.Employee_Information_Main"/>
</testsuite> <!-- com.RM.Main_Scripts.Employee_Information_Main -->
