<?xml version="1.0" encoding="UTF-8"?>
<!-- Generated by org.testng.reporters.JUnitReportReporter -->
<testsuite skipped="0" hostname="M5-D-7659NK2" name="com.RM.Main_Scripts.Leave_apply_test" tests="4" failures="0" timestamp="20 Jun 2018 11:00:45 GMT" time="27.369" errors="0">
  <testcase name="Menu_Navigation" time="17.191" classname="com.RM.Main_Scripts.Leave_apply_test"/>
  <testcase name="Apply_Leave" time="0.001" classname="com.RM.Main_Scripts.Leave_apply_test"/>
  <testcase name="Apply_Leave" time="10.176" classname="com.RM.Main_Scripts.Leave_apply_test"/>
  <testcase name="tear" time="0.001" classname="com.RM.Main_Scripts.Leave_apply_test"/>
</testsuite> <!-- com.RM.Main_Scripts.Leave_apply_test -->
