<?xml version="1.0" encoding="UTF-8"?>
<!-- Generated by org.testng.reporters.JUnitReportReporter -->
<testsuite skipped="0" hostname="M5-D-7659NK2" name="com.RM.Main_Scripts.XNARF_Task_Main" tests="10" failures="0" timestamp="20 Jun 2018 11:00:45 GMT" time="71.161" errors="0">
  <testcase name="Go_to_Menu" time="10.904" classname="com.RM.Main_Scripts.XNARF_Task_Main"/>
  <testcase name="XNARF_Task_WF" time="0.001" classname="com.RM.Main_Scripts.XNARF_Task_Main"/>
  <testcase name="XNARF_Task_WF" time="27.184" classname="com.RM.Main_Scripts.XNARF_Task_Main"/>
  <testcase name="XNARF_Task_WF" time="0.001" classname="com.RM.Main_Scripts.XNARF_Task_Main"/>
  <testcase name="XNARF_Task_WF" time="6.146" classname="com.RM.Main_Scripts.XNARF_Task_Main"/>
  <testcase name="XNARF_Task_WF" time="0.001" classname="com.RM.Main_Scripts.XNARF_Task_Main"/>
  <testcase name="XNARF_Task_WF" time="0.001" classname="com.RM.Main_Scripts.XNARF_Task_Main"/>
  <testcase name="XNARF_Task_WF" time="0.997" classname="com.RM.Main_Scripts.XNARF_Task_Main"/>
  <testcase name="XNARF_Task_WF" time="25.926" classname="com.RM.Main_Scripts.XNARF_Task_Main"/>
  <testcase name="tear" time="0.000" classname="com.RM.Main_Scripts.XNARF_Task_Main"/>
</testsuite> <!-- com.RM.Main_Scripts.XNARF_Task_Main -->
