<?xml version="1.0" encoding="UTF-8"?>
<!-- Generated by org.testng.reporters.JUnitReportReporter -->
<testsuite skipped="0" hostname="M5-D-7659NK2" name="com.RM.Main_Scripts.RM_NewHire__Main" tests="8" failures="0" timestamp="20 Jun 2018 11:00:45 GMT" time="239.479" errors="0">
  <testcase name="Menu_Navigation" time="24.006" classname="com.RM.Main_Scripts.RM_NewHire__Main"/>
  <testcase name="RM_Single" time="34.869" classname="com.RM.Main_Scripts.RM_NewHire__Main"/>
  <testcase name="RM_Single" time="16.258" classname="com.RM.Main_Scripts.RM_NewHire__Main"/>
  <testcase name="RM_Single" time="15.903" classname="com.RM.Main_Scripts.RM_NewHire__Main"/>
  <testcase name="RM_Single" time="16.164" classname="com.RM.Main_Scripts.RM_NewHire__Main"/>
  <testcase name="RM_Single" time="105.829" classname="com.RM.Main_Scripts.RM_NewHire__Main"/>
  <testcase name="RM_Single" time="26.448" classname="com.RM.Main_Scripts.RM_NewHire__Main"/>
  <testcase name="tear" time="0.002" classname="com.RM.Main_Scripts.RM_NewHire__Main"/>
</testsuite> <!-- com.RM.Main_Scripts.RM_NewHire__Main -->
