<?xml version="1.0" encoding="UTF-8"?>
<!-- Generated by org.testng.reporters.JUnitReportReporter -->
<testsuite skipped="0" hostname="M5-D-7659NK2" name="com.RM.Main_Scripts.WP_New_Hire_Main" tests="8" failures="0" timestamp="20 Jun 2018 11:00:45 GMT" time="174.865" errors="0">
  <testcase name="Menu_Navigation" time="19.460" classname="com.RM.Main_Scripts.WP_New_Hire_Main"/>
  <testcase name="RM_Single" time="16.260" classname="com.RM.Main_Scripts.WP_New_Hire_Main"/>
  <testcase name="RM_Single" time="30.721" classname="com.RM.Main_Scripts.WP_New_Hire_Main"/>
  <testcase name="RM_Single" time="47.926" classname="com.RM.Main_Scripts.WP_New_Hire_Main"/>
  <testcase name="RM_Single" time="25.359" classname="com.RM.Main_Scripts.WP_New_Hire_Main"/>
  <testcase name="RM_Single" time="15.659" classname="com.RM.Main_Scripts.WP_New_Hire_Main"/>
  <testcase name="RM_Single" time="19.479" classname="com.RM.Main_Scripts.WP_New_Hire_Main"/>
  <testcase name="tear" time="0.001" classname="com.RM.Main_Scripts.WP_New_Hire_Main"/>
</testsuite> <!-- com.RM.Main_Scripts.WP_New_Hire_Main -->
