<?xml version="1.0" encoding="UTF-8"?>
<!-- Generated by org.testng.reporters.JUnitReportReporter -->
<testsuite skipped="0" hostname="M5-D-7659NK2" name="com.RM.Main_Scripts.XNARF_TF_Main" tests="10" failures="0" timestamp="20 Jun 2018 11:00:45 GMT" time="115.123" errors="0">
  <testcase name="Go_to_Menu" time="6.836" classname="com.RM.Main_Scripts.XNARF_TF_Main"/>
  <testcase name="XNARF_Task_WF" time="0.000" classname="com.RM.Main_Scripts.XNARF_TF_Main"/>
  <testcase name="XNARF_Task_WF" time="50.527" classname="com.RM.Main_Scripts.XNARF_TF_Main"/>
  <testcase name="XNARF_Task_WF" time="24.076" classname="com.RM.Main_Scripts.XNARF_TF_Main"/>
  <testcase name="XNARF_Task_WF" time="6.825" classname="com.RM.Main_Scripts.XNARF_TF_Main"/>
  <testcase name="XNARF_Task_WF" time="0.000" classname="com.RM.Main_Scripts.XNARF_TF_Main"/>
  <testcase name="XNARF_Task_WF" time="0.000" classname="com.RM.Main_Scripts.XNARF_TF_Main"/>
  <testcase name="XNARF_Task_WF" time="0.000" classname="com.RM.Main_Scripts.XNARF_TF_Main"/>
  <testcase name="XNARF_Task_WF" time="26.858" classname="com.RM.Main_Scripts.XNARF_TF_Main"/>
  <testcase name="tear" time="0.001" classname="com.RM.Main_Scripts.XNARF_TF_Main"/>
</testsuite> <!-- com.RM.Main_Scripts.XNARF_TF_Main -->
