<?xml version="1.0" encoding="UTF-8"?>
<!-- Generated by org.testng.reporters.JUnitReportReporter -->
<testsuite skipped="0" hostname="M5-D-7659NK2" name="com.RM.Main_Scripts.Change_Seat_Main" tests="8" failures="0" timestamp="20 Jun 2018 11:00:45 GMT" time="161.238" errors="0">
  <testcase name="Menu_Navigation" time="19.578" classname="com.RM.Main_Scripts.Change_Seat_Main"/>
  <testcase name="Change_Seat" time="10.421" classname="com.RM.Main_Scripts.Change_Seat_Main"/>
  <testcase name="Change_Seat" time="48.428" classname="com.RM.Main_Scripts.Change_Seat_Main"/>
  <testcase name="Change_Seat" time="0.003" classname="com.RM.Main_Scripts.Change_Seat_Main"/>
  <testcase name="Change_Seat" time="10.130" classname="com.RM.Main_Scripts.Change_Seat_Main"/>
  <testcase name="Change_Seat" time="61.615" classname="com.RM.Main_Scripts.Change_Seat_Main"/>
  <testcase name="Change_Seat" time="11.061" classname="com.RM.Main_Scripts.Change_Seat_Main"/>
  <testcase name="tear" time="0.002" classname="com.RM.Main_Scripts.Change_Seat_Main"/>
</testsuite> <!-- com.RM.Main_Scripts.Change_Seat_Main -->
