<?xml version="1.0" encoding="UTF-8"?>
<!-- Generated by org.testng.reporters.JUnitReportReporter -->
<testsuite skipped="0" hostname="M5-D-7659NK2" name="com.RM.Main_Scripts.Skill_Work_Type_Main" tests="6" failures="0" timestamp="20 Jun 2018 11:00:45 GMT" time="32.367" errors="0">
  <testcase name="Menu_Navigation" time="22.029" classname="com.RM.Main_Scripts.Skill_Work_Type_Main"/>
  <testcase name="Skill_Competency" time="0.002" classname="com.RM.Main_Scripts.Skill_Work_Type_Main"/>
  <testcase name="Skill_Competency" time="10.327" classname="com.RM.Main_Scripts.Skill_Work_Type_Main"/>
  <testcase name="Skill_Competency" time="0.006" classname="com.RM.Main_Scripts.Skill_Work_Type_Main"/>
  <testcase name="Skill_Competency" time="0.002" classname="com.RM.Main_Scripts.Skill_Work_Type_Main"/>
  <testcase name="tear" time="0.001" classname="com.RM.Main_Scripts.Skill_Work_Type_Main"/>
</testsuite> <!-- com.RM.Main_Scripts.Skill_Work_Type_Main -->
