<?xml version="1.0" encoding="UTF-8"?>
<!-- Generated by org.testng.reporters.JUnitReportReporter -->
<testsuite skipped="0" hostname="M5-D-7659NK2" name="com.RM.Main_Scripts.Project_Deatils_Main" tests="4" failures="0" timestamp="12 Jul 2018 06:56:16 GMT" time="78.729" errors="0">
  <testcase name="Menu_Navigation" time="9.840" classname="com.RM.Main_Scripts.Project_Deatils_Main"/>
  <testcase name="Project_POC_type" time="67.806" classname="com.RM.Main_Scripts.Project_Deatils_Main"/>
  <testcase name="Project_POC_type" time="0.002" classname="com.RM.Main_Scripts.Project_Deatils_Main"/>
  <testcase name="tear" time="1.081" classname="com.RM.Main_Scripts.Project_Deatils_Main"/>
</testsuite> <!-- com.RM.Main_Scripts.Project_Deatils_Main -->
