<?xml version="1.0" encoding="UTF-8"?>
<!-- Generated by org.testng.reporters.JUnitReportReporter -->
<testsuite skipped="0" hostname="M5-D-7659NK2" name="com.RM.Main_Scripts.Leave_Approval_Main" tests="4" failures="0" timestamp="20 Jun 2018 11:00:45 GMT" time="38.518" errors="0">
  <testcase name="Menu_Navigation" time="28.187" classname="com.RM.Main_Scripts.Leave_Approval_Main"/>
  <testcase name="Apply_Leave" time="0.001" classname="com.RM.Main_Scripts.Leave_Approval_Main"/>
  <testcase name="Apply_Leave" time="10.328" classname="com.RM.Main_Scripts.Leave_Approval_Main"/>
  <testcase name="tear" time="0.002" classname="com.RM.Main_Scripts.Leave_Approval_Main"/>
</testsuite> <!-- com.RM.Main_Scripts.Leave_Approval_Main -->
