<?xml version="1.0" encoding="UTF-8"?>
<!-- Generated by org.testng.reporters.JUnitReportReporter -->
<testsuite skipped="0" hostname="M5-D-7659NK2" name="com.RM.Main_Scripts.Skill_Workflow_Main" tests="4" failures="0" timestamp="05 Jul 2018 09:21:43 GMT" time="41.119" errors="0">
  <testcase name="Menu_Navigation" time="25.760" classname="com.RM.Main_Scripts.Skill_Workflow_Main"/>
  <testcase name="Skill_Competency" time="14.197" classname="com.RM.Main_Scripts.Skill_Workflow_Main"/>
  <testcase name="Skill_Competency" time="0.001" classname="com.RM.Main_Scripts.Skill_Workflow_Main"/>
  <testcase name="tear" time="1.161" classname="com.RM.Main_Scripts.Skill_Workflow_Main"/>
</testsuite> <!-- com.RM.Main_Scripts.Skill_Workflow_Main -->
