<?xml version="1.0" encoding="UTF-8"?>
<!-- Generated by org.testng.reporters.JUnitReportReporter -->
<testsuite skipped="0" hostname="M5-D-7659NK2" name="com.RM.Main_Scripts.Skill_WTCG_Main" tests="4" failures="0" timestamp="04 Jul 2018 12:18:27 GMT" time="44.858" errors="0">
  <testcase name="Menu_Navigation" time="14.775" classname="com.RM.Main_Scripts.Skill_WTCG_Main"/>
  <testcase name="Add_WTCG" time="0.003" classname="com.RM.Main_Scripts.Skill_WTCG_Main"/>
  <testcase name="Add_WTCG" time="28.969" classname="com.RM.Main_Scripts.Skill_WTCG_Main"/>
  <testcase name="tear" time="1.111" classname="com.RM.Main_Scripts.Skill_WTCG_Main"/>
</testsuite> <!-- com.RM.Main_Scripts.Skill_WTCG_Main -->
