<?xml version="1.0" encoding="UTF-8"?>
<!-- Generated by org.testng.reporters.JUnitReportReporter -->
<testsuite skipped="0" hostname="M5-D-7659NK2" name="com.RM.Main_Scripts.New_RM_main" tests="3" failures="0" timestamp="02 Feb 2018 09:35:43 GMT" time="108.558" errors="0">
  <testcase name="Menu_Navigation" time="21.223" classname="com.RM.Main_Scripts.New_RM_main"/>
  <testcase name="RM_Single" time="85.451" classname="com.RM.Main_Scripts.New_RM_main"/>
  <testcase name="tear" time="1.884" classname="com.RM.Main_Scripts.New_RM_main"/>
</testsuite> <!-- com.RM.Main_Scripts.New_RM_main -->
