<?xml version="1.0" encoding="UTF-8"?>
<!-- Generated by org.testng.reporters.JUnitReportReporter -->
<testsuite skipped="0" hostname="M5-D-7659NK2" name="com.RM.Main_Scripts.Project_Project_type_Main" tests="4" failures="0" timestamp="10 Jul 2018 09:08:56 GMT" time="95.484" errors="0">
  <testcase name="Menu_Navigation" time="22.589" classname="com.RM.Main_Scripts.Project_Project_type_Main"/>
  <testcase name="Skill_Competency" time="31.726" classname="com.RM.Main_Scripts.Project_Project_type_Main"/>
  <testcase name="Skill_Competency" time="40.324" classname="com.RM.Main_Scripts.Project_Project_type_Main"/>
  <testcase name="tear" time="0.845" classname="com.RM.Main_Scripts.Project_Project_type_Main"/>
</testsuite> <!-- com.RM.Main_Scripts.Project_Project_type_Main -->
