<?xml version="1.0" encoding="UTF-8"?>
<!-- Generated by org.testng.reporters.JUnitReportReporter -->
<testsuite skipped="0" hostname="M5-D-7659NK2" name="com.RM.Main_Scripts.OB_NewHire_Main" tests="9" failures="0" timestamp="20 Jun 2018 11:00:45 GMT" time="111.004" errors="0">
  <testcase name="Menu_Navigation" time="19.666" classname="com.RM.Main_Scripts.OB_NewHire_Main"/>
  <testcase name="Xnarf_OB" time="91.332" classname="com.RM.Main_Scripts.OB_NewHire_Main"/>
  <testcase name="Xnarf_OB" time="0.001" classname="com.RM.Main_Scripts.OB_NewHire_Main"/>
  <testcase name="Xnarf_OB" time="0.000" classname="com.RM.Main_Scripts.OB_NewHire_Main"/>
  <testcase name="Xnarf_OB" time="0.001" classname="com.RM.Main_Scripts.OB_NewHire_Main"/>
  <testcase name="Xnarf_OB" time="0.001" classname="com.RM.Main_Scripts.OB_NewHire_Main"/>
  <testcase name="Xnarf_OB" time="0.001" classname="com.RM.Main_Scripts.OB_NewHire_Main"/>
  <testcase name="Xnarf_OB" time="0.001" classname="com.RM.Main_Scripts.OB_NewHire_Main"/>
  <testcase name="tear" time="0.001" classname="com.RM.Main_Scripts.OB_NewHire_Main"/>
</testsuite> <!-- com.RM.Main_Scripts.OB_NewHire_Main -->
