<?xml version="1.0" encoding="UTF-8"?>
<!-- Generated by org.testng.reporters.JUnitReportReporter -->
<testsuite skipped="0" hostname="M5-D-7659NK2" name="com.RM.Main_Scripts.Skill_Change_Request_Main" tests="5" failures="0" timestamp="03 Jul 2018 10:39:33 GMT" time="101.650" errors="0">
  <testcase name="Menu_Navigation" time="21.992" classname="com.RM.Main_Scripts.Skill_Change_Request_Main"/>
  <testcase name="Skill_Competency" time="11.853" classname="com.RM.Main_Scripts.Skill_Change_Request_Main"/>
  <testcase name="Skill_Competency" time="18.565" classname="com.RM.Main_Scripts.Skill_Change_Request_Main"/>
  <testcase name="Skill_Competency" time="48.132" classname="com.RM.Main_Scripts.Skill_Change_Request_Main"/>
  <testcase name="tear" time="1.108" classname="com.RM.Main_Scripts.Skill_Change_Request_Main"/>
</testsuite> <!-- com.RM.Main_Scripts.Skill_Change_Request_Main -->
