<?xml version="1.0" encoding="UTF-8"?>
<!-- Generated by org.testng.reporters.JUnitReportReporter -->
<testsuite name="com.RM.Main_Scripts.Add_New_User_Main_Test" tests="7" time="54.259" ignored="0" failures="0" timestamp="14 May 2019 09:47:57 GMT" skipped="0" hostname="M5-D-HWNSXJ2" errors="0">
  <testcase name="Add_New_user_Data_Entry" time="0.000" classname="com.RM.Main_Scripts.Add_New_User_Main_Test"/>
  <testcase name="Mandatory_Check" time="20.328" classname="com.RM.Main_Scripts.Add_New_User_Main_Test"/>
  <testcase name="Go_to_Menu" time="18.042" classname="com.RM.Main_Scripts.Add_New_User_Main_Test"/>
  <testcase name="Add_New_user_Data_Entry" time="15.356" classname="com.RM.Main_Scripts.Add_New_User_Main_Test"/>
  <testcase name="Add_New_user_Data_Entry" time="0.000" classname="com.RM.Main_Scripts.Add_New_User_Main_Test"/>
  <testcase name="Add_New_user_Data_Entry" time="0.000" classname="com.RM.Main_Scripts.Add_New_User_Main_Test"/>
  <testcase name="tear" time="0.533" classname="com.RM.Main_Scripts.Add_New_User_Main_Test"/>
</testsuite> <!-- com.RM.Main_Scripts.Add_New_User_Main_Test -->
